Info: Starting: Create block symbol file (.bsf)
Info: qsys-generate C:\Users\mvonwahlde\Documents\Final_Group_Project\game.qsys --block-symbol-file --output-directory=C:\Users\mvonwahlde\Documents\Final_Group_Project\game --family="Cyclone IV E" --part=EP4CE115F29C7
Progress: Loading Final_Group_Project/game.qsys
Progress: Reading input file
Progress: Adding clk_main [clock_source 18.0]
Progress: Parameterizing module clk_main
Progress: Adding cpu [altera_nios2_gen2 18.0]
Progress: Parameterizing module cpu
Progress: Adding hex [altera_avalon_pio 18.0]
Progress: Parameterizing module hex
Progress: Adding jtag_uart [altera_avalon_jtag_uart 18.0]
Progress: Parameterizing module jtag_uart
Progress: Adding key [altera_avalon_pio 18.0]
Progress: Parameterizing module key
Progress: Adding lcd [altera_avalon_pio 18.0]
Progress: Parameterizing module lcd
Progress: Adding leds [altera_avalon_pio 18.0]
Progress: Parameterizing module leds
Progress: Adding onchip_ram [altera_avalon_onchip_memory2 18.0]
Progress: Parameterizing module onchip_ram
Progress: Adding switch [altera_avalon_pio 18.0]
Progress: Parameterizing module switch
Progress: Adding timer_game [altera_avalon_timer 18.0]
Progress: Parameterizing module timer_game
Progress: Adding timer_lcd [altera_avalon_timer 18.0]
Progress: Parameterizing module timer_lcd
Progress: Building connections
Progress: Parameterizing connections
Progress: Validating
Progress: Done reading input file
Info: game.jtag_uart: JTAG UART IP input clock need to be at least double (2x) the operating frequency of JTAG TCK on board
Info: game.key: PIO inputs are not hardwired in test bench. Undefined values will be read from PIO inputs during simulation.
Info: game.switch: PIO inputs are not hardwired in test bench. Undefined values will be read from PIO inputs during simulation.
Info: qsys-generate succeeded.
Info: Finished: Create block symbol file (.bsf)
Info: 
Info: Starting: Create HDL design files for synthesis
Info: qsys-generate C:\Users\mvonwahlde\Documents\Final_Group_Project\game.qsys --synthesis=VHDL --output-directory=C:\Users\mvonwahlde\Documents\Final_Group_Project\game\synthesis --family="Cyclone IV E" --part=EP4CE115F29C7
Progress: Loading Final_Group_Project/game.qsys
Progress: Reading input file
Progress: Adding clk_main [clock_source 18.0]
Progress: Parameterizing module clk_main
Progress: Adding cpu [altera_nios2_gen2 18.0]
Progress: Parameterizing module cpu
Progress: Adding hex [altera_avalon_pio 18.0]
Progress: Parameterizing module hex
Progress: Adding jtag_uart [altera_avalon_jtag_uart 18.0]
Progress: Parameterizing module jtag_uart
Progress: Adding key [altera_avalon_pio 18.0]
Progress: Parameterizing module key
Progress: Adding lcd [altera_avalon_pio 18.0]
Progress: Parameterizing module lcd
Progress: Adding leds [altera_avalon_pio 18.0]
Progress: Parameterizing module leds
Progress: Adding onchip_ram [altera_avalon_onchip_memory2 18.0]
Progress: Parameterizing module onchip_ram
Progress: Adding switch [altera_avalon_pio 18.0]
Progress: Parameterizing module switch
Progress: Adding timer_game [altera_avalon_timer 18.0]
Progress: Parameterizing module timer_game
Progress: Adding timer_lcd [altera_avalon_timer 18.0]
Progress: Parameterizing module timer_lcd
Progress: Building connections
Progress: Parameterizing connections
Progress: Validating
Progress: Done reading input file
Info: game.jtag_uart: JTAG UART IP input clock need to be at least double (2x) the operating frequency of JTAG TCK on board
Info: game.key: PIO inputs are not hardwired in test bench. Undefined values will be read from PIO inputs during simulation.
Info: game.switch: PIO inputs are not hardwired in test bench. Undefined values will be read from PIO inputs during simulation.
Info: game: Generating game "game" for QUARTUS_SYNTH
Info: cpu: "game" instantiated altera_nios2_gen2 "cpu"
Info: hex: Starting RTL generation for module 'game_hex'
Info: hex:   Generation command is [exec C:/intelfpga/18.0/quartus/bin64/perl/bin/perl.exe -I C:/intelfpga/18.0/quartus/bin64/perl/lib -I C:/intelfpga/18.0/quartus/sopc_builder/bin/europa -I C:/intelfpga/18.0/quartus/sopc_builder/bin/perl_lib -I C:/intelfpga/18.0/quartus/sopc_builder/bin -I C:/intelfpga/18.0/quartus/../ip/altera/sopc_builder_ip/common -I C:/intelfpga/18.0/quartus/../ip/altera/sopc_builder_ip/altera_avalon_pio -- C:/intelfpga/18.0/quartus/../ip/altera/sopc_builder_ip/altera_avalon_pio/generate_rtl.pl --name=game_hex --dir=C:/Users/MVONWA~1/AppData/Local/Temp/alt9680_3196807515703072798.dir/0002_hex_gen/ --quartus_dir=C:/intelfpga/18.0/quartus --verilog --config=C:/Users/MVONWA~1/AppData/Local/Temp/alt9680_3196807515703072798.dir/0002_hex_gen//game_hex_component_configuration.pl  --do_build_sim=0  ]
Info: hex: Done RTL generation for module 'game_hex'
Info: hex: "game" instantiated altera_avalon_pio "hex"
Info: jtag_uart: Starting RTL generation for module 'game_jtag_uart'
Info: jtag_uart:   Generation command is [exec C:/intelfpga/18.0/quartus/bin64/perl/bin/perl.exe -I C:/intelfpga/18.0/quartus/bin64/perl/lib -I C:/intelfpga/18.0/quartus/sopc_builder/bin/europa -I C:/intelfpga/18.0/quartus/sopc_builder/bin/perl_lib -I C:/intelfpga/18.0/quartus/sopc_builder/bin -I C:/intelfpga/18.0/quartus/../ip/altera/sopc_builder_ip/common -I C:/intelfpga/18.0/quartus/../ip/altera/sopc_builder_ip/altera_avalon_jtag_uart -- C:/intelfpga/18.0/quartus/../ip/altera/sopc_builder_ip/altera_avalon_jtag_uart/generate_rtl.pl --name=game_jtag_uart --dir=C:/Users/MVONWA~1/AppData/Local/Temp/alt9680_3196807515703072798.dir/0003_jtag_uart_gen/ --quartus_dir=C:/intelfpga/18.0/quartus --verilog --config=C:/Users/MVONWA~1/AppData/Local/Temp/alt9680_3196807515703072798.dir/0003_jtag_uart_gen//game_jtag_uart_component_configuration.pl  --do_build_sim=0  ]
Info: jtag_uart: Done RTL generation for module 'game_jtag_uart'
Info: jtag_uart: "game" instantiated altera_avalon_jtag_uart "jtag_uart"
Info: key: Starting RTL generation for module 'game_key'
Info: key:   Generation command is [exec C:/intelfpga/18.0/quartus/bin64/perl/bin/perl.exe -I C:/intelfpga/18.0/quartus/bin64/perl/lib -I C:/intelfpga/18.0/quartus/sopc_builder/bin/europa -I C:/intelfpga/18.0/quartus/sopc_builder/bin/perl_lib -I C:/intelfpga/18.0/quartus/sopc_builder/bin -I C:/intelfpga/18.0/quartus/../ip/altera/sopc_builder_ip/common -I C:/intelfpga/18.0/quartus/../ip/altera/sopc_builder_ip/altera_avalon_pio -- C:/intelfpga/18.0/quartus/../ip/altera/sopc_builder_ip/altera_avalon_pio/generate_rtl.pl --name=game_key --dir=C:/Users/MVONWA~1/AppData/Local/Temp/alt9680_3196807515703072798.dir/0004_key_gen/ --quartus_dir=C:/intelfpga/18.0/quartus --verilog --config=C:/Users/MVONWA~1/AppData/Local/Temp/alt9680_3196807515703072798.dir/0004_key_gen//game_key_component_configuration.pl  --do_build_sim=0  ]
Info: key: Done RTL generation for module 'game_key'
Info: key: "game" instantiated altera_avalon_pio "key"
Info: lcd: Starting RTL generation for module 'game_lcd'
Info: lcd:   Generation command is [exec C:/intelfpga/18.0/quartus/bin64/perl/bin/perl.exe -I C:/intelfpga/18.0/quartus/bin64/perl/lib -I C:/intelfpga/18.0/quartus/sopc_builder/bin/europa -I C:/intelfpga/18.0/quartus/sopc_builder/bin/perl_lib -I C:/intelfpga/18.0/quartus/sopc_builder/bin -I C:/intelfpga/18.0/quartus/../ip/altera/sopc_builder_ip/common -I C:/intelfpga/18.0/quartus/../ip/altera/sopc_builder_ip/altera_avalon_pio -- C:/intelfpga/18.0/quartus/../ip/altera/sopc_builder_ip/altera_avalon_pio/generate_rtl.pl --name=game_lcd --dir=C:/Users/MVONWA~1/AppData/Local/Temp/alt9680_3196807515703072798.dir/0005_lcd_gen/ --quartus_dir=C:/intelfpga/18.0/quartus --verilog --config=C:/Users/MVONWA~1/AppData/Local/Temp/alt9680_3196807515703072798.dir/0005_lcd_gen//game_lcd_component_configuration.pl  --do_build_sim=0  ]
Info: lcd: Done RTL generation for module 'game_lcd'
Info: lcd: "game" instantiated altera_avalon_pio "lcd"
Info: leds: Starting RTL generation for module 'game_leds'
Info: leds:   Generation command is [exec C:/intelfpga/18.0/quartus/bin64/perl/bin/perl.exe -I C:/intelfpga/18.0/quartus/bin64/perl/lib -I C:/intelfpga/18.0/quartus/sopc_builder/bin/europa -I C:/intelfpga/18.0/quartus/sopc_builder/bin/perl_lib -I C:/intelfpga/18.0/quartus/sopc_builder/bin -I C:/intelfpga/18.0/quartus/../ip/altera/sopc_builder_ip/common -I C:/intelfpga/18.0/quartus/../ip/altera/sopc_builder_ip/altera_avalon_pio -- C:/intelfpga/18.0/quartus/../ip/altera/sopc_builder_ip/altera_avalon_pio/generate_rtl.pl --name=game_leds --dir=C:/Users/MVONWA~1/AppData/Local/Temp/alt9680_3196807515703072798.dir/0006_leds_gen/ --quartus_dir=C:/intelfpga/18.0/quartus --verilog --config=C:/Users/MVONWA~1/AppData/Local/Temp/alt9680_3196807515703072798.dir/0006_leds_gen//game_leds_component_configuration.pl  --do_build_sim=0  ]
Info: leds: Done RTL generation for module 'game_leds'
Info: leds: "game" instantiated altera_avalon_pio "leds"
Info: onchip_ram: Starting RTL generation for module 'game_onchip_ram'
Info: onchip_ram:   Generation command is [exec C:/intelfpga/18.0/quartus/bin64/perl/bin/perl.exe -I C:/intelfpga/18.0/quartus/bin64/perl/lib -I C:/intelfpga/18.0/quartus/sopc_builder/bin/europa -I C:/intelfpga/18.0/quartus/sopc_builder/bin/perl_lib -I C:/intelfpga/18.0/quartus/sopc_builder/bin -I C:/intelfpga/18.0/quartus/../ip/altera/sopc_builder_ip/common -I C:/intelfpga/18.0/quartus/../ip/altera/sopc_builder_ip/altera_avalon_onchip_memory2 -- C:/intelfpga/18.0/quartus/../ip/altera/sopc_builder_ip/altera_avalon_onchip_memory2/generate_rtl.pl --name=game_onchip_ram --dir=C:/Users/MVONWA~1/AppData/Local/Temp/alt9680_3196807515703072798.dir/0007_onchip_ram_gen/ --quartus_dir=C:/intelfpga/18.0/quartus --verilog --config=C:/Users/MVONWA~1/AppData/Local/Temp/alt9680_3196807515703072798.dir/0007_onchip_ram_gen//game_onchip_ram_component_configuration.pl  --do_build_sim=0  ]
Info: onchip_ram: Done RTL generation for module 'game_onchip_ram'
Info: onchip_ram: "game" instantiated altera_avalon_onchip_memory2 "onchip_ram"
Info: timer_game: Starting RTL generation for module 'game_timer_game'
Info: timer_game:   Generation command is [exec C:/intelFPGA/18.0/quartus/bin64//perl/bin/perl.exe -I C:/intelFPGA/18.0/quartus/bin64//perl/lib -I C:/intelfpga/18.0/quartus/sopc_builder/bin/europa -I C:/intelfpga/18.0/quartus/sopc_builder/bin/perl_lib -I C:/intelfpga/18.0/quartus/sopc_builder/bin -I C:/intelfpga/18.0/quartus/../ip/altera/sopc_builder_ip/common -I C:/intelfpga/18.0/quartus/../ip/altera/sopc_builder_ip/altera_avalon_timer -- C:/intelfpga/18.0/quartus/../ip/altera/sopc_builder_ip/altera_avalon_timer/generate_rtl.pl --name=game_timer_game --dir=C:/Users/MVONWA~1/AppData/Local/Temp/alt9680_3196807515703072798.dir/0008_timer_game_gen/ --quartus_dir=C:/intelfpga/18.0/quartus --verilog --config=C:/Users/MVONWA~1/AppData/Local/Temp/alt9680_3196807515703072798.dir/0008_timer_game_gen//game_timer_game_component_configuration.pl  --do_build_sim=0  ]
Info: timer_game: Done RTL generation for module 'game_timer_game'
Info: timer_game: "game" instantiated altera_avalon_timer "timer_game"
Info: timer_lcd: Starting RTL generation for module 'game_timer_lcd'
Info: timer_lcd:   Generation command is [exec C:/intelFPGA/18.0/quartus/bin64//perl/bin/perl.exe -I C:/intelFPGA/18.0/quartus/bin64//perl/lib -I C:/intelfpga/18.0/quartus/sopc_builder/bin/europa -I C:/intelfpga/18.0/quartus/sopc_builder/bin/perl_lib -I C:/intelfpga/18.0/quartus/sopc_builder/bin -I C:/intelfpga/18.0/quartus/../ip/altera/sopc_builder_ip/common -I C:/intelfpga/18.0/quartus/../ip/altera/sopc_builder_ip/altera_avalon_timer -- C:/intelfpga/18.0/quartus/../ip/altera/sopc_builder_ip/altera_avalon_timer/generate_rtl.pl --name=game_timer_lcd --dir=C:/Users/MVONWA~1/AppData/Local/Temp/alt9680_3196807515703072798.dir/0009_timer_lcd_gen/ --quartus_dir=C:/intelfpga/18.0/quartus --verilog --config=C:/Users/MVONWA~1/AppData/Local/Temp/alt9680_3196807515703072798.dir/0009_timer_lcd_gen//game_timer_lcd_component_configuration.pl  --do_build_sim=0  ]
Info: timer_lcd: Done RTL generation for module 'game_timer_lcd'
Info: timer_lcd: "game" instantiated altera_avalon_timer "timer_lcd"
Info: avalon_st_adapter: Inserting error_adapter: error_adapter_0
Info: avalon_st_adapter_001: Inserting error_adapter: error_adapter_0
Info: avalon_st_adapter_002: Inserting error_adapter: error_adapter_0
Info: avalon_st_adapter_003: Inserting error_adapter: error_adapter_0
Info: avalon_st_adapter_004: Inserting error_adapter: error_adapter_0
Info: avalon_st_adapter_005: Inserting error_adapter: error_adapter_0
Info: avalon_st_adapter_006: Inserting error_adapter: error_adapter_0
Info: avalon_st_adapter_007: Inserting error_adapter: error_adapter_0
Info: avalon_st_adapter_008: Inserting error_adapter: error_adapter_0
Info: avalon_st_adapter_009: Inserting error_adapter: error_adapter_0
Info: mm_interconnect_0: "game" instantiated altera_mm_interconnect "mm_interconnect_0"
Info: irq_mapper: "game" instantiated altera_irq_mapper "irq_mapper"
Info: rst_controller: "game" instantiated altera_reset_controller "rst_controller"
Info: cpu: Starting RTL generation for module 'game_cpu_cpu'
Info: cpu:   Generation command is [exec C:/intelFPGA/18.0/quartus/bin64//eperlcmd.exe -I C:/intelFPGA/18.0/quartus/bin64//perl/lib -I C:/intelfpga/18.0/quartus/sopc_builder/bin/europa -I C:/intelfpga/18.0/quartus/sopc_builder/bin/perl_lib -I C:/intelfpga/18.0/quartus/sopc_builder/bin -I C:/intelfpga/18.0/quartus/../ip/altera/nios2_ip/altera_nios2_gen2/cpu_lib -I C:/intelfpga/18.0/quartus/../ip/altera/nios2_ip/altera_nios2_gen2/nios_lib -I C:/intelfpga/18.0/quartus/../ip/altera/nios2_ip/altera_nios2_gen2 -I C:/intelfpga/18.0/quartus/../ip/altera/nios2_ip/altera_nios2_gen2 -- C:/intelfpga/18.0/quartus/../ip/altera/nios2_ip/altera_nios2_gen2/generate_rtl.epl --name=game_cpu_cpu --dir=C:/Users/MVONWA~1/AppData/Local/Temp/alt9680_3196807515703072798.dir/0012_cpu_gen/ --quartus_bindir=C:/intelFPGA/18.0/quartus/bin64/ --verilog --config=C:/Users/MVONWA~1/AppData/Local/Temp/alt9680_3196807515703072798.dir/0012_cpu_gen//game_cpu_cpu_processor_configuration.pl  --do_build_sim=0  ]
Info: cpu: # 2023.11.19 15:19:59 (*) Starting Nios II generation
Info: cpu: # 2023.11.19 15:19:59 (*)   Checking for plaintext license.
Info: cpu: # 2023.11.19 15:19:59 (*)   Plaintext license not found.
Info: cpu: # 2023.11.19 15:19:59 (*)   No license required to generate encrypted Nios II/e.
Info: cpu: # 2023.11.19 15:19:59 (*)   Elaborating CPU configuration settings
Info: cpu: # 2023.11.19 15:19:59 (*)   Creating all objects for CPU
Info: cpu: # 2023.11.19 15:20:00 (*)   Generating RTL from CPU objects
Info: cpu: # 2023.11.19 15:20:00 (*)   Creating plain-text RTL
Info: cpu: # 2023.11.19 15:20:00 (*) Done Nios II generation
Info: cpu: Done RTL generation for module 'game_cpu_cpu'
Info: cpu: "cpu" instantiated altera_nios2_gen2_unit "cpu"
Info: cpu_data_master_translator: "mm_interconnect_0" instantiated altera_merlin_master_translator "cpu_data_master_translator"
Info: jtag_uart_avalon_jtag_slave_translator: "mm_interconnect_0" instantiated altera_merlin_slave_translator "jtag_uart_avalon_jtag_slave_translator"
Info: cpu_data_master_agent: "mm_interconnect_0" instantiated altera_merlin_master_agent "cpu_data_master_agent"
Info: jtag_uart_avalon_jtag_slave_agent: "mm_interconnect_0" instantiated altera_merlin_slave_agent "jtag_uart_avalon_jtag_slave_agent"
Info: jtag_uart_avalon_jtag_slave_agent_rsp_fifo: "mm_interconnect_0" instantiated altera_avalon_sc_fifo "jtag_uart_avalon_jtag_slave_agent_rsp_fifo"
Info: router: "mm_interconnect_0" instantiated altera_merlin_router "router"
Info: router_001: "mm_interconnect_0" instantiated altera_merlin_router "router_001"
Info: router_002: "mm_interconnect_0" instantiated altera_merlin_router "router_002"
Info: router_003: "mm_interconnect_0" instantiated altera_merlin_router "router_003"
Info: cmd_demux: "mm_interconnect_0" instantiated altera_merlin_demultiplexer "cmd_demux"
Info: cmd_demux_001: "mm_interconnect_0" instantiated altera_merlin_demultiplexer "cmd_demux_001"
Info: cmd_mux: "mm_interconnect_0" instantiated altera_merlin_multiplexer "cmd_mux"
Info: cmd_mux_001: "mm_interconnect_0" instantiated altera_merlin_multiplexer "cmd_mux_001"
Info: Reusing file C:/Users/mvonwahlde/Documents/Final_Group_Project/game/synthesis/submodules/altera_merlin_arbitrator.sv
Info: rsp_demux: "mm_interconnect_0" instantiated altera_merlin_demultiplexer "rsp_demux"
Info: rsp_mux: "mm_interconnect_0" instantiated altera_merlin_multiplexer "rsp_mux"
Info: Reusing file C:/Users/mvonwahlde/Documents/Final_Group_Project/game/synthesis/submodules/altera_merlin_arbitrator.sv
Info: rsp_mux_001: "mm_interconnect_0" instantiated altera_merlin_multiplexer "rsp_mux_001"
Info: Reusing file C:/Users/mvonwahlde/Documents/Final_Group_Project/game/synthesis/submodules/altera_merlin_arbitrator.sv
Info: avalon_st_adapter: "mm_interconnect_0" instantiated altera_avalon_st_adapter "avalon_st_adapter"
Info: error_adapter_0: "avalon_st_adapter" instantiated error_adapter "error_adapter_0"
Info: game: Done "game" with 32 modules, 44 files
Info: qsys-generate succeeded.
Info: Finished: Create HDL design files for synthesis
